# JRE version: OpenJDK Runtime Environment (8.0_222-b10) (build 1.8.0_222-8u222-b10-1ubuntu1~16.04.1-b10)
# Java VM: OpenJDK 64-Bit Server VM (25.222-b10 mixed mode linux-amd64 compressed oops)
Heap:
 def new generation   total 149632K, used 139680K [0x00000000c0000000, 0x00000000ca250000, 0x00000000d5550000)
  eden space 133056K, 100% used [0x00000000c0000000, 0x00000000c81f0000, 0x00000000c81f0000)
  from space 16576K,  39% used [0x00000000c9220000, 0x00000000c98981a8, 0x00000000ca250000)
  to   space 16576K,  35% used [0x00000000c81f0000, 0x00000000c87c1100, 0x00000000c9220000)
 tenured generation   total 348648K, used 347981K [0x00000000d5550000, 0x00000000ea9ca000, 0x0000000100000000)
   the space 348648K,  99% used [0x00000000d5550000, 0x00000000ea9237a8, 0x00000000ea923800, 0x00000000ea9ca000)
 Metaspace       used 84837K, capacity 88307K, committed 88664K, reserved 1126400K
  class space    used 11571K, capacity 11974K, committed 12120K, reserved 1048576K
GC Heap History (10 events):
Event: 838.327 GC heap after
Heap after GC invocations=1059 (full 138):
 def new generation   total 149632K, used 5423K [0x00000000c0000000, 0x00000000ca250000, 0x00000000d5550000)
  eden space 133056K,   0% used [0x00000000c0000000, 0x00000000c0000000, 0x00000000c81f0000)
  from space 16576K,  32% used [0x00000000c9220000, 0x00000000c976bc28, 0x00000000ca250000)
  to   space 16576K,   0% used [0x00000000c81f0000, 0x00000000c81f0000, 0x00000000c9220000)
 tenured generation   total 332260K, used 249677K [0x00000000d5550000, 0x00000000e99c9000, 0x0000000100000000)
   the space 332260K,  75% used [0x00000000d5550000, 0x00000000e4923748, 0x00000000e4923800, 0x00000000e99c9000)
 Metaspace       used 84785K, capacity 88213K, committed 88664K, reserved 1126400K
  class space    used 11569K, capacity 11970K, committed 12120K, reserved 1048576K
}
Event: 838.660 GC heap before
{Heap before GC invocations=1059 (full 138):
 def new generation   total 149632K, used 134495K [0x00000000c0000000, 0x00000000ca250000, 0x00000000d5550000)
  eden space 133056K,  97% used [0x00000000c0000000, 0x00000000c7e0c220, 0x00000000c81f0000)
  from space 16576K,  32% used [0x00000000c9220000, 0x00000000c976bc28, 0x00000000ca250000)
  to   space 16576K,   0% used [0x00000000c81f0000, 0x00000000c81f0000, 0x00000000c9220000)
 tenured generation   total 332260K, used 249677K [0x00000000d5550000, 0x00000000e99c9000, 0x0000000100000000)
   the space 332260K,  75% used [0x00000000d5550000, 0x00000000e4923748, 0x00000000e4923800, 0x00000000e99c9000)
 Metaspace       used 84827K, capacity 88307K, committed 88664K, reserved 1126400K
  class space    used 11571K, capacity 11974K, committed 12120K, reserved 1048576K
Event: 838.684 GC heap after
Heap after GC invocations=1060 (full 138):
 def new generation   total 149632K, used 7029K [0x00000000c0000000, 0x00000000ca250000, 0x00000000d5550000)
  eden space 133056K,   0% used [0x00000000c0000000, 0x00000000c0000000, 0x00000000c81f0000)
  from space 16576K,  42% used [0x00000000c81f0000, 0x00000000c88cd5c8, 0x00000000c9220000)
  to   space 16576K,   0% used [0x00000000c9220000, 0x00000000c9220000, 0x00000000ca250000)
 tenured generation   total 332260K, used 266061K [0x00000000d5550000, 0x00000000e99c9000, 0x0000000100000000)
   the space 332260K,  80% used [0x00000000d5550000, 0x00000000e5923758, 0x00000000e5923800, 0x00000000e99c9000)
 Metaspace       used 84827K, capacity 88307K, committed 88664K, reserved 1126400K
  class space    used 11571K, capacity 11974K, committed 12120K, reserved 1048576K
}
Event: 838.892 GC heap before
{Heap before GC invocations=1060 (full 138):
 def new generation   total 149632K, used 140085K [0x00000000c0000000, 0x00000000ca250000, 0x00000000d5550000)
  eden space 133056K, 100% used [0x00000000c0000000, 0x00000000c81f0000, 0x00000000c81f0000)
  from space 16576K,  42% used [0x00000000c81f0000, 0x00000000c88cd5c8, 0x00000000c9220000)
  to   space 16576K,   0% used [0x00000000c9220000, 0x00000000c9220000, 0x00000000ca250000)
 tenured generation   total 332260K, used 266061K [0x00000000d5550000, 0x00000000e99c9000, 0x0000000100000000)
   the space 332260K,  80% used [0x00000000d5550000, 0x00000000e5923758, 0x00000000e5923800, 0x00000000e99c9000)
 Metaspace       used 84827K, capacity 88307K, committed 88664K, reserved 1126400K
  class space    used 11571K, capacity 11974K, committed 12120K, reserved 1048576K
Event: 838.906 GC heap after
Heap after GC invocations=1061 (full 138):
 def new generation   total 149632K, used 6247K [0x00000000c0000000, 0x00000000ca250000, 0x00000000d5550000)
  eden space 133056K,   0% used [0x00000000c0000000, 0x00000000c0000000, 0x00000000c81f0000)
  from space 16576K,  37% used [0x00000000c9220000, 0x00000000c9839d68, 0x00000000ca250000)
  to   space 16576K,   0% used [0x00000000c81f0000, 0x00000000c81f0000, 0x00000000c9220000)
 tenured generation   total 332260K, used 298829K [0x00000000d5550000, 0x00000000e99c9000, 0x0000000100000000)
   the space 332260K,  89% used [0x00000000d5550000, 0x00000000e7923778, 0x00000000e7923800, 0x00000000e99c9000)
 Metaspace       used 84827K, capacity 88307K, committed 88664K, reserved 1126400K
  class space    used 11571K, capacity 11974K, committed 12120K, reserved 1048576K
}
Event: 839.078 GC heap before
{Heap before GC invocations=1061 (full 138):
 def new generation   total 149632K, used 139303K [0x00000000c0000000, 0x00000000ca250000, 0x00000000d5550000)
  eden space 133056K, 100% used [0x00000000c0000000, 0x00000000c81f0000, 0x00000000c81f0000)
  from space 16576K,  37% used [0x00000000c9220000, 0x00000000c9839d68, 0x00000000ca250000)
  to   space 16576K,   0% used [0x00000000c81f0000, 0x00000000c81f0000, 0x00000000c9220000)
 tenured generation   total 332260K, used 298829K [0x00000000d5550000, 0x00000000e99c9000, 0x0000000100000000)
   the space 332260K,  89% used [0x00000000d5550000, 0x00000000e7923778, 0x00000000e7923800, 0x00000000e99c9000)
 Metaspace       used 84836K, capacity 88307K, committed 88664K, reserved 1126400K
  class space    used 11571K, capacity 11974K, committed 12120K, reserved 1048576K
Event: 839.092 GC heap after
Heap after GC invocations=1062 (full 138):
 def new generation   total 149632K, used 6533K [0x00000000c0000000, 0x00000000ca250000, 0x00000000d5550000)
  eden space 133056K,   0% used [0x00000000c0000000, 0x00000000c0000000, 0x00000000c81f0000)
  from space 16576K,  39% used [0x00000000c81f0000, 0x00000000c88516d8, 0x00000000c9220000)
  to   space 16576K,   0% used [0x00000000c9220000, 0x00000000c9220000, 0x00000000ca250000)
 tenured generation   total 332260K, used 331597K [0x00000000d5550000, 0x00000000e99c9000, 0x0000000100000000)
   the space 332260K,  99% used [0x00000000d5550000, 0x00000000e9923798, 0x00000000e9923800, 0x00000000e99c9000)
 Metaspace       used 84836K, capacity 88307K, committed 88664K, reserved 1126400K
  class space    used 11571K, capacity 11974K, committed 12120K, reserved 1048576K
}
Event: 839.248 GC heap before
{Heap before GC invocations=1062 (full 138):
 def new generation   total 149632K, used 139589K [0x00000000c0000000, 0x00000000ca250000, 0x00000000d5550000)
  eden space 133056K, 100% used [0x00000000c0000000, 0x00000000c81f0000, 0x00000000c81f0000)
  from space 16576K,  39% used [0x00000000c81f0000, 0x00000000c88516d8, 0x00000000c9220000)
  to   space 16576K,   0% used [0x00000000c9220000, 0x00000000c9220000, 0x00000000ca250000)
 tenured generation   total 332260K, used 331597K [0x00000000d5550000, 0x00000000e99c9000, 0x0000000100000000)
   the space 332260K,  99% used [0x00000000d5550000, 0x00000000e9923798, 0x00000000e9923800, 0x00000000e99c9000)
 Metaspace       used 84836K, capacity 88307K, committed 88664K, reserved 1126400K
  class space    used 11571K, capacity 11974K, committed 12120K, reserved 1048576K
Event: 839.255 GC heap after
Heap after GC invocations=1063 (full 138):
 def new generation   total 149632K, used 6624K [0x00000000c0000000, 0x00000000ca250000, 0x00000000d5550000)
  eden space 133056K,   0% used [0x00000000c0000000, 0x00000000c0000000, 0x00000000c81f0000)
  from space 16576K,  39% used [0x00000000c9220000, 0x00000000c98981a8, 0x00000000ca250000)
  to   space 16576K,   0% used [0x00000000c81f0000, 0x00000000c81f0000, 0x00000000c9220000)
 tenured generation   total 332260K, used 331597K [0x00000000d5550000, 0x00000000e99c9000, 0x0000000100000000)
   the space 332260K,  99% used [0x00000000d5550000, 0x00000000e9923798, 0x00000000e9923800, 0x00000000e99c9000)
 Metaspace       used 84836K, capacity 88307K, committed 88664K, reserved 1126400K
  class space    used 11571K, capacity 11974K, committed 12120K, reserved 1048576K
}
Event: 839.427 GC heap before
{Heap before GC invocations=1063 (full 138):
 def new generation   total 149632K, used 139680K [0x00000000c0000000, 0x00000000ca250000, 0x00000000d5550000)
  eden space 133056K, 100% used [0x00000000c0000000, 0x00000000c81f0000, 0x00000000c81f0000)
  from space 16576K,  39% used [0x00000000c9220000, 0x00000000c98981a8, 0x00000000ca250000)
  to   space 16576K,   0% used [0x00000000c81f0000, 0x00000000c81f0000, 0x00000000c9220000)
 tenured generation   total 332260K, used 331597K [0x00000000d5550000, 0x00000000e99c9000, 0x0000000100000000)
   the space 332260K,  99% used [0x00000000d5550000, 0x00000000e9923798, 0x00000000e9923800, 0x00000000e99c9000)
 Metaspace       used 84837K, capacity 88307K, committed 88664K, reserved 1126400K
  class space    used 11571K, capacity 11974K, committed 12120K, reserved 1048576K

