# JRE version: OpenJDK Runtime Environment (8.0_222-b10) (build 1.8.0_222-8u222-b10-1ubuntu1~16.04.1-b10)
# Java VM: OpenJDK 64-Bit Server VM (25.222-b10 mixed mode linux-amd64 compressed oops)
Heap:
 def new generation   total 160704K, used 23421K [0x00000000c0000000, 0x00000000cae50000, 0x00000000d5550000)
  eden space 142912K,   3% used [0x00000000c0000000, 0x00000000c057f7f8, 0x00000000c8b90000)
  from space 17792K,  99% used [0x00000000c8b90000, 0x00000000c9cefff8, 0x00000000c9cf0000)
  to   space 17792K,   0% used [0x00000000c9cf0000, 0x00000000c9cf0000, 0x00000000cae50000)
 tenured generation   total 356852K, used 315204K [0x00000000d5550000, 0x00000000eb1cd000, 0x0000000100000000)
   the space 356852K,  88% used [0x00000000d5550000, 0x00000000e8921210, 0x00000000e8921400, 0x00000000eb1cd000)
 Metaspace       used 84441K, capacity 87709K, committed 87768K, reserved 1124352K
  class space    used 11557K, capacity 11944K, committed 11992K, reserved 1048576K
GC Heap History (10 events):
Event: 776.205 GC heap before
{Heap before GC invocations=894 (full 91):
 def new generation   total 160704K, used 143359K [0x00000000c0000000, 0x00000000cae50000, 0x00000000d5550000)
  eden space 142912K, 100% used [0x00000000c0000000, 0x00000000c8b90000, 0x00000000c8b90000)
  from space 17792K,   2% used [0x00000000c9cf0000, 0x00000000c9d5fe38, 0x00000000cae50000)
  to   space 17792K,   0% used [0x00000000c8b90000, 0x00000000c8b90000, 0x00000000c9cf0000)
 tenured generation   total 356852K, used 281464K [0x00000000d5550000, 0x00000000eb1cd000, 0x0000000100000000)
   the space 356852K,  78% used [0x00000000d5550000, 0x00000000e682e238, 0x00000000e682e400, 0x00000000eb1cd000)
 Metaspace       used 84424K, capacity 87691K, committed 87768K, reserved 1124352K
  class space    used 11555K, capacity 11940K, committed 11992K, reserved 1048576K
Event: 776.327 GC heap after
Heap after GC invocations=895 (full 91):
 def new generation   total 160704K, used 872K [0x00000000c0000000, 0x00000000cae50000, 0x00000000d5550000)
  eden space 142912K,   0% used [0x00000000c0000000, 0x00000000c0000000, 0x00000000c8b90000)
  from space 17792K,   4% used [0x00000000c8b90000, 0x00000000c8c6a010, 0x00000000c9cf0000)
  to   space 17792K,   0% used [0x00000000c9cf0000, 0x00000000c9cf0000, 0x00000000cae50000)
 tenured generation   total 356852K, used 281464K [0x00000000d5550000, 0x00000000eb1cd000, 0x0000000100000000)
   the space 356852K,  78% used [0x00000000d5550000, 0x00000000e682e238, 0x00000000e682e400, 0x00000000eb1cd000)
 Metaspace       used 84424K, capacity 87691K, committed 87768K, reserved 1124352K
  class space    used 11555K, capacity 11940K, committed 11992K, reserved 1048576K
}
Event: 797.328 GC heap before
{Heap before GC invocations=895 (full 91):
 def new generation   total 160704K, used 143784K [0x00000000c0000000, 0x00000000cae50000, 0x00000000d5550000)
  eden space 142912K, 100% used [0x00000000c0000000, 0x00000000c8b90000, 0x00000000c8b90000)
  from space 17792K,   4% used [0x00000000c8b90000, 0x00000000c8c6a010, 0x00000000c9cf0000)
  to   space 17792K,   0% used [0x00000000c9cf0000, 0x00000000c9cf0000, 0x00000000cae50000)
 tenured generation   total 356852K, used 281464K [0x00000000d5550000, 0x00000000eb1cd000, 0x0000000100000000)
   the space 356852K,  78% used [0x00000000d5550000, 0x00000000e682e238, 0x00000000e682e400, 0x00000000eb1cd000)
 Metaspace       used 84428K, capacity 87691K, committed 87768K, reserved 1124352K
  class space    used 11555K, capacity 11940K, committed 11992K, reserved 1048576K
Event: 798.069 GC heap after
Heap after GC invocations=896 (full 91):
 def new generation   total 160704K, used 17346K [0x00000000c0000000, 0x00000000cae50000, 0x00000000d5550000)
  eden space 142912K,   0% used [0x00000000c0000000, 0x00000000c0000000, 0x00000000c8b90000)
  from space 17792K,  97% used [0x00000000c9cf0000, 0x00000000cade09b8, 0x00000000cae50000)
  to   space 17792K,   0% used [0x00000000c8b90000, 0x00000000c8b90000, 0x00000000c9cf0000)
 tenured generation   total 356852K, used 297848K [0x00000000d5550000, 0x00000000eb1cd000, 0x0000000100000000)
   the space 356852K,  83% used [0x00000000d5550000, 0x00000000e782e248, 0x00000000e782e400, 0x00000000eb1cd000)
 Metaspace       used 84428K, capacity 87691K, committed 87768K, reserved 1124352K
  class space    used 11555K, capacity 11940K, committed 11992K, reserved 1048576K
}
Event: 860.338 GC heap before
{Heap before GC invocations=896 (full 91):
 def new generation   total 160704K, used 159345K [0x00000000c0000000, 0x00000000cae50000, 0x00000000d5550000)
  eden space 142912K,  99% used [0x00000000c0000000, 0x00000000c8aabc98, 0x00000000c8b90000)
  from space 17792K,  97% used [0x00000000c9cf0000, 0x00000000cade09b8, 0x00000000cae50000)
  to   space 17792K,   0% used [0x00000000c8b90000, 0x00000000c8b90000, 0x00000000c9cf0000)
 tenured generation   total 356852K, used 297848K [0x00000000d5550000, 0x00000000eb1cd000, 0x0000000100000000)
   the space 356852K,  83% used [0x00000000d5550000, 0x00000000e782e248, 0x00000000e782e400, 0x00000000eb1cd000)
 Metaspace       used 84429K, capacity 87691K, committed 87768K, reserved 1124352K
  class space    used 11555K, capacity 11940K, committed 11992K, reserved 1048576K
Event: 860.956 GC heap after
Heap after GC invocations=897 (full 91):
 def new generation   total 160704K, used 334K [0x00000000c0000000, 0x00000000cae50000, 0x00000000d5550000)
  eden space 142912K,   0% used [0x00000000c0000000, 0x00000000c0000000, 0x00000000c8b90000)
  from space 17792K,   1% used [0x00000000c8b90000, 0x00000000c8be3bd8, 0x00000000c9cf0000)
  to   space 17792K,   0% used [0x00000000c9cf0000, 0x00000000c9cf0000, 0x00000000cae50000)
 tenured generation   total 356852K, used 315033K [0x00000000d5550000, 0x00000000eb1cd000, 0x0000000100000000)
   the space 356852K,  88% used [0x00000000d5550000, 0x00000000e88f6708, 0x00000000e88f6800, 0x00000000eb1cd000)
 Metaspace       used 84429K, capacity 87691K, committed 87768K, reserved 1124352K
  class space    used 11555K, capacity 11940K, committed 11992K, reserved 1048576K
}
Event: 896.879 GC heap before
{Heap before GC invocations=897 (full 91):
 def new generation   total 160704K, used 143246K [0x00000000c0000000, 0x00000000cae50000, 0x00000000d5550000)
  eden space 142912K, 100% used [0x00000000c0000000, 0x00000000c8b90000, 0x00000000c8b90000)
  from space 17792K,   1% used [0x00000000c8b90000, 0x00000000c8be3bd8, 0x00000000c9cf0000)
  to   space 17792K,   0% used [0x00000000c9cf0000, 0x00000000c9cf0000, 0x00000000cae50000)
 tenured generation   total 356852K, used 315033K [0x00000000d5550000, 0x00000000eb1cd000, 0x0000000100000000)
   the space 356852K,  88% used [0x00000000d5550000, 0x00000000e88f6708, 0x00000000e88f6800, 0x00000000eb1cd000)
 Metaspace       used 84430K, capacity 87691K, committed 87768K, reserved 1124352K
  class space    used 11555K, capacity 11940K, committed 11992K, reserved 1048576K
Event: 896.930 GC heap after
Heap after GC invocations=898 (full 91):
 def new generation   total 160704K, used 480K [0x00000000c0000000, 0x00000000cae50000, 0x00000000d5550000)
  eden space 142912K,   0% used [0x00000000c0000000, 0x00000000c0000000, 0x00000000c8b90000)
  from space 17792K,   2% used [0x00000000c9cf0000, 0x00000000c9d68310, 0x00000000cae50000)
  to   space 17792K,   0% used [0x00000000c8b90000, 0x00000000c8b90000, 0x00000000c9cf0000)
 tenured generation   total 356852K, used 315033K [0x00000000d5550000, 0x00000000eb1cd000, 0x0000000100000000)
   the space 356852K,  88% used [0x00000000d5550000, 0x00000000e88f6708, 0x00000000e88f6800, 0x00000000eb1cd000)
 Metaspace       used 84430K, capacity 87691K, committed 87768K, reserved 1124352K
  class space    used 11555K, capacity 11940K, committed 11992K, reserved 1048576K
}
Event: 931.479 GC heap before
{Heap before GC invocations=898 (full 91):
 def new generation   total 160704K, used 139854K [0x00000000c0000000, 0x00000000cae50000, 0x00000000d5550000)
  eden space 142912K,  97% used [0x00000000c0000000, 0x00000000c881b7b0, 0x00000000c8b90000)
  from space 17792K,   2% used [0x00000000c9cf0000, 0x00000000c9d68310, 0x00000000cae50000)
  to   space 17792K,   0% used [0x00000000c8b90000, 0x00000000c8b90000, 0x00000000c9cf0000)
 tenured generation   total 356852K, used 315033K [0x00000000d5550000, 0x00000000eb1cd000, 0x0000000100000000)
   the space 356852K,  88% used [0x00000000d5550000, 0x00000000e88f6708, 0x00000000e88f6800, 0x00000000eb1cd000)
 Metaspace       used 84441K, capacity 87709K, committed 87768K, reserved 1124352K
  class space    used 11557K, capacity 11944K, committed 11992K, reserved 1048576K
Event: 931.885 GC heap after
Heap after GC invocations=899 (full 91):
 def new generation   total 160704K, used 17791K [0x00000000c0000000, 0x00000000cae50000, 0x00000000d5550000)
  eden space 142912K,   0% used [0x00000000c0000000, 0x00000000c0000000, 0x00000000c8b90000)
  from space 17792K,  99% used [0x00000000c8b90000, 0x00000000c9cefff8, 0x00000000c9cf0000)
  to   space 17792K,   0% used [0x00000000c9cf0000, 0x00000000c9cf0000, 0x00000000cae50000)
 tenured generation   total 356852K, used 315204K [0x00000000d5550000, 0x00000000eb1cd000, 0x0000000100000000)
   the space 356852K,  88% used [0x00000000d5550000, 0x00000000e8921210, 0x00000000e8921400, 0x00000000eb1cd000)
 Metaspace       used 84441K, capacity 87709K, committed 87768K, reserved 1124352K
  class space    used 11557K, capacity 11944K, committed 11992K, reserved 1048576K
}

