# JRE version: OpenJDK Runtime Environment (8.0_222-b10) (build 1.8.0_222-8u222-b10-1ubuntu1~16.04.1-b10)
# Java VM: OpenJDK 64-Bit Server VM (25.222-b10 mixed mode linux-amd64 compressed oops)
Heap:
 def new generation   total 100608K, used 90067K [0x00000000c0000000, 0x00000000c6d20000, 0x00000000d5550000)
  eden space 89472K, 100% used [0x00000000c0000000, 0x00000000c5760000, 0x00000000c5760000)
  from space 11136K,   5% used [0x00000000c6240000, 0x00000000c62d4cd0, 0x00000000c6d20000)
  to   space 11136K,   4% used [0x00000000c5760000, 0x00000000c57da238, 0x00000000c6240000)
 tenured generation   total 239784K, used 233506K [0x00000000d5550000, 0x00000000e3f7a000, 0x0000000100000000)
   the space 239784K,  97% used [0x00000000d5550000, 0x00000000e3958b00, 0x00000000e3958c00, 0x00000000e3f7a000)
 Metaspace       used 83651K, capacity 86131K, committed 86744K, reserved 1124352K
  class space    used 11500K, capacity 11840K, committed 11992K, reserved 1048576K
GC Heap History (10 events):
Event: 2466.722 GC heap after
Heap after GC invocations=923 (full 142):
 def new generation   total 100608K, used 11135K [0x00000000c0000000, 0x00000000c6d20000, 0x00000000d5550000)
  eden space 89472K,   0% used [0x00000000c0000000, 0x00000000c0000000, 0x00000000c5760000)
  from space 11136K,  99% used [0x00000000c6240000, 0x00000000c6d1fff8, 0x00000000c6d20000)
  to   space 11136K,   0% used [0x00000000c5760000, 0x00000000c5760000, 0x00000000c6240000)
 tenured generation   total 223396K, used 177142K [0x00000000d5550000, 0x00000000e2f79000, 0x0000000100000000)
   the space 223396K,  79% used [0x00000000d5550000, 0x00000000e024d968, 0x00000000e024da00, 0x00000000e2f79000)
 Metaspace       used 83649K, capacity 86131K, committed 86744K, reserved 1124352K
  class space    used 11500K, capacity 11840K, committed 11992K, reserved 1048576K
}
Event: 2466.936 GC heap before
{Heap before GC invocations=923 (full 142):
 def new generation   total 100608K, used 100607K [0x00000000c0000000, 0x00000000c6d20000, 0x00000000d5550000)
  eden space 89472K, 100% used [0x00000000c0000000, 0x00000000c5760000, 0x00000000c5760000)
  from space 11136K,  99% used [0x00000000c6240000, 0x00000000c6d1fff8, 0x00000000c6d20000)
  to   space 11136K,   0% used [0x00000000c5760000, 0x00000000c5760000, 0x00000000c6240000)
 tenured generation   total 223396K, used 177142K [0x00000000d5550000, 0x00000000e2f79000, 0x0000000100000000)
   the space 223396K,  79% used [0x00000000d5550000, 0x00000000e024d968, 0x00000000e024da00, 0x00000000e2f79000)
 Metaspace       used 83650K, capacity 86131K, committed 86744K, reserved 1124352K
  class space    used 11500K, capacity 11840K, committed 11992K, reserved 1048576K
Event: 2466.947 GC heap after
Heap after GC invocations=924 (full 142):
 def new generation   total 100608K, used 698K [0x00000000c0000000, 0x00000000c6d20000, 0x00000000d5550000)
  eden space 89472K,   0% used [0x00000000c0000000, 0x00000000c0000000, 0x00000000c5760000)
  from space 11136K,   6% used [0x00000000c5760000, 0x00000000c580e8e8, 0x00000000c6240000)
  to   space 11136K,   0% used [0x00000000c6240000, 0x00000000c6240000, 0x00000000c6d20000)
 tenured generation   total 223396K, used 184354K [0x00000000d5550000, 0x00000000e2f79000, 0x0000000100000000)
   the space 223396K,  82% used [0x00000000d5550000, 0x00000000e0958ad0, 0x00000000e0958c00, 0x00000000e2f79000)
 Metaspace       used 83650K, capacity 86131K, committed 86744K, reserved 1124352K
  class space    used 11500K, capacity 11840K, committed 11992K, reserved 1048576K
}
Event: 2467.118 GC heap before
{Heap before GC invocations=924 (full 142):
 def new generation   total 100608K, used 90170K [0x00000000c0000000, 0x00000000c6d20000, 0x00000000d5550000)
  eden space 89472K, 100% used [0x00000000c0000000, 0x00000000c5760000, 0x00000000c5760000)
  from space 11136K,   6% used [0x00000000c5760000, 0x00000000c580e8e8, 0x00000000c6240000)
  to   space 11136K,   0% used [0x00000000c6240000, 0x00000000c6240000, 0x00000000c6d20000)
 tenured generation   total 223396K, used 184354K [0x00000000d5550000, 0x00000000e2f79000, 0x0000000100000000)
   the space 223396K,  82% used [0x00000000d5550000, 0x00000000e0958ad0, 0x00000000e0958c00, 0x00000000e2f79000)
 Metaspace       used 83651K, capacity 86131K, committed 86744K, reserved 1124352K
  class space    used 11500K, capacity 11840K, committed 11992K, reserved 1048576K
Event: 2467.129 GC heap after
Heap after GC invocations=925 (full 142):
 def new generation   total 100608K, used 527K [0x00000000c0000000, 0x00000000c6d20000, 0x00000000d5550000)
  eden space 89472K,   0% used [0x00000000c0000000, 0x00000000c0000000, 0x00000000c5760000)
  from space 11136K,   4% used [0x00000000c6240000, 0x00000000c62c3d60, 0x00000000c6d20000)
  to   space 11136K,   0% used [0x00000000c5760000, 0x00000000c5760000, 0x00000000c6240000)
 tenured generation   total 223396K, used 184354K [0x00000000d5550000, 0x00000000e2f79000, 0x0000000100000000)
   the space 223396K,  82% used [0x00000000d5550000, 0x00000000e0958ad0, 0x00000000e0958c00, 0x00000000e2f79000)
 Metaspace       used 83651K, capacity 86131K, committed 86744K, reserved 1124352K
  class space    used 11500K, capacity 11840K, committed 11992K, reserved 1048576K
}
Event: 2467.270 GC heap before
{Heap before GC invocations=925 (full 142):
 def new generation   total 100608K, used 89999K [0x00000000c0000000, 0x00000000c6d20000, 0x00000000d5550000)
  eden space 89472K, 100% used [0x00000000c0000000, 0x00000000c5760000, 0x00000000c5760000)
  from space 11136K,   4% used [0x00000000c6240000, 0x00000000c62c3d60, 0x00000000c6d20000)
  to   space 11136K,   0% used [0x00000000c5760000, 0x00000000c5760000, 0x00000000c6240000)
 tenured generation   total 223396K, used 184354K [0x00000000d5550000, 0x00000000e2f79000, 0x0000000100000000)
   the space 223396K,  82% used [0x00000000d5550000, 0x00000000e0958ad0, 0x00000000e0958c00, 0x00000000e2f79000)
 Metaspace       used 83651K, capacity 86131K, committed 86744K, reserved 1124352K
  class space    used 11500K, capacity 11840K, committed 11992K, reserved 1048576K
Event: 2467.281 GC heap after
Heap after GC invocations=926 (full 142):
 def new generation   total 100608K, used 458K [0x00000000c0000000, 0x00000000c6d20000, 0x00000000d5550000)
  eden space 89472K,   0% used [0x00000000c0000000, 0x00000000c0000000, 0x00000000c5760000)
  from space 11136K,   4% used [0x00000000c5760000, 0x00000000c57d29c0, 0x00000000c6240000)
  to   space 11136K,   0% used [0x00000000c6240000, 0x00000000c6240000, 0x00000000c6d20000)
 tenured generation   total 223396K, used 217122K [0x00000000d5550000, 0x00000000e2f79000, 0x0000000100000000)
   the space 223396K,  97% used [0x00000000d5550000, 0x00000000e2958af0, 0x00000000e2958c00, 0x00000000e2f79000)
 Metaspace       used 83651K, capacity 86131K, committed 86744K, reserved 1124352K
  class space    used 11500K, capacity 11840K, committed 11992K, reserved 1048576K
}
Event: 2467.433 GC heap before
{Heap before GC invocations=926 (full 142):
 def new generation   total 100608K, used 89930K [0x00000000c0000000, 0x00000000c6d20000, 0x00000000d5550000)
  eden space 89472K, 100% used [0x00000000c0000000, 0x00000000c5760000, 0x00000000c5760000)
  from space 11136K,   4% used [0x00000000c5760000, 0x00000000c57d29c0, 0x00000000c6240000)
  to   space 11136K,   0% used [0x00000000c6240000, 0x00000000c6240000, 0x00000000c6d20000)
 tenured generation   total 223396K, used 217122K [0x00000000d5550000, 0x00000000e2f79000, 0x0000000100000000)
   the space 223396K,  97% used [0x00000000d5550000, 0x00000000e2958af0, 0x00000000e2958c00, 0x00000000e2f79000)
 Metaspace       used 83651K, capacity 86131K, committed 86744K, reserved 1124352K
  class space    used 11500K, capacity 11840K, committed 11992K, reserved 1048576K
Event: 2467.445 GC heap after
Heap after GC invocations=927 (full 142):
 def new generation   total 100608K, used 595K [0x00000000c0000000, 0x00000000c6d20000, 0x00000000d5550000)
  eden space 89472K,   0% used [0x00000000c0000000, 0x00000000c0000000, 0x00000000c5760000)
  from space 11136K,   5% used [0x00000000c6240000, 0x00000000c62d4cd0, 0x00000000c6d20000)
  to   space 11136K,   0% used [0x00000000c5760000, 0x00000000c5760000, 0x00000000c6240000)
 tenured generation   total 223396K, used 217122K [0x00000000d5550000, 0x00000000e2f79000, 0x0000000100000000)
   the space 223396K,  97% used [0x00000000d5550000, 0x00000000e2958af0, 0x00000000e2958c00, 0x00000000e2f79000)
 Metaspace       used 83651K, capacity 86131K, committed 86744K, reserved 1124352K
  class space    used 11500K, capacity 11840K, committed 11992K, reserved 1048576K
}
Event: 2467.597 GC heap before
{Heap before GC invocations=927 (full 142):
 def new generation   total 100608K, used 90067K [0x00000000c0000000, 0x00000000c6d20000, 0x00000000d5550000)
  eden space 89472K, 100% used [0x00000000c0000000, 0x00000000c5760000, 0x00000000c5760000)
  from space 11136K,   5% used [0x00000000c6240000, 0x00000000c62d4cd0, 0x00000000c6d20000)
  to   space 11136K,   0% used [0x00000000c5760000, 0x00000000c5760000, 0x00000000c6240000)
 tenured generation   total 223396K, used 217122K [0x00000000d5550000, 0x00000000e2f79000, 0x0000000100000000)
   the space 223396K,  97% used [0x00000000d5550000, 0x00000000e2958af0, 0x00000000e2958c00, 0x00000000e2f79000)
 Metaspace       used 83651K, capacity 86131K, committed 86744K, reserved 1124352K
  class space    used 11500K, capacity 11840K, committed 11992K, reserved 1048576K

