# JRE version: OpenJDK Runtime Environment (8.0_222-b10) (build 1.8.0_222-8u222-b10-1ubuntu1~16.04.1-b10)
# Java VM: OpenJDK 64-Bit Server VM (25.222-b10 mixed mode linux-amd64 compressed oops)
Heap:
 def new generation   total 136512K, used 0K [0x00000000c0000000, 0x00000000c9410000, 0x00000000d5550000)
  eden space 121408K,   0% used [0x00000000c0000000, 0x00000000c0000000, 0x00000000c7690000)
  from space 15104K,   0% used [0x00000000c7690000, 0x00000000c7690000, 0x00000000c8550000)
  to   space 15104K,   0% used [0x00000000c8550000, 0x00000000c8550000, 0x00000000c9410000)
 tenured generation   total 319560K, used 215752K [0x00000000d5550000, 0x00000000e8d62000, 0x0000000100000000)
   the space 319560K,  67% used [0x00000000d5550000, 0x00000000e28021a8, 0x00000000e2802200, 0x00000000e8d62000)
 Metaspace       used 84473K, capacity 87759K, committed 88664K, reserved 1126400K
  class space    used 11512K, capacity 11877K, committed 12120K, reserved 1048576K
GC Heap History (10 events):
Event: 1226.209 GC heap after
Heap after GC invocations=986 (full 117):
 def new generation   total 136512K, used 0K [0x00000000c0000000, 0x00000000c9410000, 0x00000000d5550000)
  eden space 121408K,   0% used [0x00000000c0000000, 0x00000000c0000000, 0x00000000c7690000)
  from space 15104K,   0% used [0x00000000c8550000, 0x00000000c8550000, 0x00000000c9410000)
  to   space 15104K,   0% used [0x00000000c7690000, 0x00000000c7690000, 0x00000000c8550000)
 tenured generation   total 303172K, used 165184K [0x00000000d5550000, 0x00000000e7d61000, 0x0000000100000000)
   the space 303172K,  54% used [0x00000000d5550000, 0x00000000df6a03e8, 0x00000000df6a0400, 0x00000000e7d61000)
 Metaspace       used 84436K, capacity 87671K, committed 88664K, reserved 1126400K
  class space    used 11510K, capacity 11873K, committed 12120K, reserved 1048576K
}
Event: 1226.426 GC heap before
{Heap before GC invocations=986 (full 117):
 def new generation   total 136512K, used 121408K [0x00000000c0000000, 0x00000000c9410000, 0x00000000d5550000)
  eden space 121408K, 100% used [0x00000000c0000000, 0x00000000c7690000, 0x00000000c7690000)
  from space 15104K,   0% used [0x00000000c8550000, 0x00000000c8550000, 0x00000000c9410000)
  to   space 15104K,   0% used [0x00000000c7690000, 0x00000000c7690000, 0x00000000c8550000)
 tenured generation   total 303172K, used 165184K [0x00000000d5550000, 0x00000000e7d61000, 0x0000000100000000)
   the space 303172K,  54% used [0x00000000d5550000, 0x00000000df6a03e8, 0x00000000df6a0400, 0x00000000e7d61000)
 Metaspace       used 84436K, capacity 87671K, committed 88664K, reserved 1126400K
  class space    used 11510K, capacity 11873K, committed 12120K, reserved 1048576K
Event: 1226.441 GC heap after
Heap after GC invocations=987 (full 117):
 def new generation   total 136512K, used 531K [0x00000000c0000000, 0x00000000c9410000, 0x00000000d5550000)
  eden space 121408K,   0% used [0x00000000c0000000, 0x00000000c0000000, 0x00000000c7690000)
  from space 15104K,   3% used [0x00000000c7690000, 0x00000000c7714e88, 0x00000000c8550000)
  to   space 15104K,   0% used [0x00000000c8550000, 0x00000000c8550000, 0x00000000c9410000)
 tenured generation   total 303172K, used 197953K [0x00000000d5550000, 0x00000000e7d61000, 0x0000000100000000)
   the space 303172K,  65% used [0x00000000d5550000, 0x00000000e16a0408, 0x00000000e16a0600, 0x00000000e7d61000)
 Metaspace       used 84436K, capacity 87671K, committed 88664K, reserved 1126400K
  class space    used 11510K, capacity 11873K, committed 12120K, reserved 1048576K
}
Event: 1226.666 GC heap before
{Heap before GC invocations=987 (full 117):
 def new generation   total 136512K, used 121939K [0x00000000c0000000, 0x00000000c9410000, 0x00000000d5550000)
  eden space 121408K, 100% used [0x00000000c0000000, 0x00000000c7690000, 0x00000000c7690000)
  from space 15104K,   3% used [0x00000000c7690000, 0x00000000c7714e88, 0x00000000c8550000)
  to   space 15104K,   0% used [0x00000000c8550000, 0x00000000c8550000, 0x00000000c9410000)
 tenured generation   total 303172K, used 197953K [0x00000000d5550000, 0x00000000e7d61000, 0x0000000100000000)
   the space 303172K,  65% used [0x00000000d5550000, 0x00000000e16a0408, 0x00000000e16a0600, 0x00000000e7d61000)
 Metaspace       used 84446K, capacity 87735K, committed 88664K, reserved 1126400K
  class space    used 11510K, capacity 11873K, committed 12120K, reserved 1048576K
Event: 1226.686 GC heap after
Heap after GC invocations=988 (full 117):
 def new generation   total 136512K, used 717K [0x00000000c0000000, 0x00000000c9410000, 0x00000000d5550000)
  eden space 121408K,   0% used [0x00000000c0000000, 0x00000000c0000000, 0x00000000c7690000)
  from space 15104K,   4% used [0x00000000c8550000, 0x00000000c8603560, 0x00000000c9410000)
  to   space 15104K,   0% used [0x00000000c7690000, 0x00000000c7690000, 0x00000000c8550000)
 tenured generation   total 303172K, used 230721K [0x00000000d5550000, 0x00000000e7d61000, 0x0000000100000000)
   the space 303172K,  76% used [0x00000000d5550000, 0x00000000e36a0428, 0x00000000e36a0600, 0x00000000e7d61000)
 Metaspace       used 84446K, capacity 87735K, committed 88664K, reserved 1126400K
  class space    used 11510K, capacity 11873K, committed 12120K, reserved 1048576K
}
Event: 1226.881 GC heap before
{Heap before GC invocations=988 (full 117):
 def new generation   total 136512K, used 122125K [0x00000000c0000000, 0x00000000c9410000, 0x00000000d5550000)
  eden space 121408K, 100% used [0x00000000c0000000, 0x00000000c7690000, 0x00000000c7690000)
  from space 15104K,   4% used [0x00000000c8550000, 0x00000000c8603560, 0x00000000c9410000)
  to   space 15104K,   0% used [0x00000000c7690000, 0x00000000c7690000, 0x00000000c8550000)
 tenured generation   total 303172K, used 230721K [0x00000000d5550000, 0x00000000e7d61000, 0x0000000100000000)
   the space 303172K,  76% used [0x00000000d5550000, 0x00000000e36a0428, 0x00000000e36a0600, 0x00000000e7d61000)
 Metaspace       used 84446K, capacity 87735K, committed 88664K, reserved 1126400K
  class space    used 11510K, capacity 11873K, committed 12120K, reserved 1048576K
Event: 1226.893 GC heap after
Heap after GC invocations=989 (full 117):
 def new generation   total 136512K, used 1098K [0x00000000c0000000, 0x00000000c9410000, 0x00000000d5550000)
  eden space 121408K,   0% used [0x00000000c0000000, 0x00000000c0000000, 0x00000000c7690000)
  from space 15104K,   7% used [0x00000000c7690000, 0x00000000c77a2980, 0x00000000c8550000)
  to   space 15104K,   0% used [0x00000000c8550000, 0x00000000c8550000, 0x00000000c9410000)
 tenured generation   total 303172K, used 263489K [0x00000000d5550000, 0x00000000e7d61000, 0x0000000100000000)
   the space 303172K,  86% used [0x00000000d5550000, 0x00000000e56a0448, 0x00000000e56a0600, 0x00000000e7d61000)
 Metaspace       used 84446K, capacity 87735K, committed 88664K, reserved 1126400K
  class space    used 11510K, capacity 11873K, committed 12120K, reserved 1048576K
}
Event: 1273.487 GC heap before
{Heap before GC invocations=989 (full 117):
 def new generation   total 136512K, used 122506K [0x00000000c0000000, 0x00000000c9410000, 0x00000000d5550000)
  eden space 121408K, 100% used [0x00000000c0000000, 0x00000000c7690000, 0x00000000c7690000)
  from space 15104K,   7% used [0x00000000c7690000, 0x00000000c77a2980, 0x00000000c8550000)
  to   space 15104K,   0% used [0x00000000c8550000, 0x00000000c8550000, 0x00000000c9410000)
 tenured generation   total 303172K, used 263489K [0x00000000d5550000, 0x00000000e7d61000, 0x0000000100000000)
   the space 303172K,  86% used [0x00000000d5550000, 0x00000000e56a0448, 0x00000000e56a0600, 0x00000000e7d61000)
 Metaspace       used 84470K, capacity 87759K, committed 88664K, reserved 1126400K
  class space    used 11512K, capacity 11877K, committed 12120K, reserved 1048576K
Event: 1273.496 GC heap after
Heap after GC invocations=990 (full 117):
 def new generation   total 136512K, used 2232K [0x00000000c0000000, 0x00000000c9410000, 0x00000000d5550000)
  eden space 121408K,   0% used [0x00000000c0000000, 0x00000000c0000000, 0x00000000c7690000)
  from space 15104K,  14% used [0x00000000c8550000, 0x00000000c877e3a0, 0x00000000c9410000)
  to   space 15104K,   0% used [0x00000000c7690000, 0x00000000c7690000, 0x00000000c8550000)
 tenured generation   total 303172K, used 279873K [0x00000000d5550000, 0x00000000e7d61000, 0x0000000100000000)
   the space 303172K,  92% used [0x00000000d5550000, 0x00000000e66a0458, 0x00000000e66a0600, 0x00000000e7d61000)
 Metaspace       used 84470K, capacity 87759K, committed 88664K, reserved 1126400K
  class space    used 11512K, capacity 11877K, committed 12120K, reserved 1048576K
}
Event: 1273.678 GC heap before
{Heap before GC invocations=990 (full 117):
 def new generation   total 136512K, used 123640K [0x00000000c0000000, 0x00000000c9410000, 0x00000000d5550000)
  eden space 121408K, 100% used [0x00000000c0000000, 0x00000000c7690000, 0x00000000c7690000)
  from space 15104K,  14% used [0x00000000c8550000, 0x00000000c877e3a0, 0x00000000c9410000)
  to   space 15104K,   0% used [0x00000000c7690000, 0x00000000c7690000, 0x00000000c8550000)
 tenured generation   total 303172K, used 279873K [0x00000000d5550000, 0x00000000e7d61000, 0x0000000100000000)
   the space 303172K,  92% used [0x00000000d5550000, 0x00000000e66a0458, 0x00000000e66a0600, 0x00000000e7d61000)
 Metaspace       used 84473K, capacity 87759K, committed 88664K, reserved 1126400K
  class space    used 11512K, capacity 11877K, committed 12120K, reserved 1048576K

