# JRE version: OpenJDK Runtime Environment (8.0_222-b10) (build 1.8.0_222-8u222-b10-1ubuntu1~16.04.1-b10)
# Java VM: OpenJDK 64-Bit Server VM (25.222-b10 mixed mode linux-amd64 compressed oops)
Heap:
 def new generation   total 150464K, used 0K [0x00000000c0000000, 0x00000000ca340000, 0x00000000d5550000)
  eden space 133760K,   0% used [0x00000000c0000000, 0x00000000c0000000, 0x00000000c82a0000)
  from space 16704K,   0% used [0x00000000c82a0000, 0x00000000c82a0000, 0x00000000c92f0000)
  to   space 16704K,   0% used [0x00000000c92f0000, 0x00000000c92f0000, 0x00000000ca340000)
 tenured generation   total 334752K, used 218608K [0x00000000d5550000, 0x00000000e9c38000, 0x0000000100000000)
   the space 334752K,  65% used [0x00000000d5550000, 0x00000000e2acc1c0, 0x00000000e2acc200, 0x00000000e9c38000)
 Metaspace       used 84785K, capacity 88311K, committed 88664K, reserved 1126400K
  class space    used 11566K, capacity 11974K, committed 12120K, reserved 1048576K
GC Heap History (10 events):
Event: 524.282 GC heap after
Heap after GC invocations=1022 (full 109):
 def new generation   total 150464K, used 16704K [0x00000000c0000000, 0x00000000ca340000, 0x00000000d5550000)
  eden space 133760K,   0% used [0x00000000c0000000, 0x00000000c0000000, 0x00000000c82a0000)
  from space 16704K, 100% used [0x00000000c92f0000, 0x00000000ca340000, 0x00000000ca340000)
  to   space 16704K,   0% used [0x00000000c82a0000, 0x00000000c82a0000, 0x00000000c92f0000)
 tenured generation   total 334176K, used 218893K [0x00000000d5550000, 0x00000000e9ba8000, 0x0000000100000000)
   the space 334176K,  65% used [0x00000000d5550000, 0x00000000e2b13480, 0x00000000e2b13600, 0x00000000e9ba8000)
 Metaspace       used 84754K, capacity 88235K, committed 88664K, reserved 1126400K
  class space    used 11565K, capacity 11974K, committed 12120K, reserved 1048576K
}
Event: 524.477 GC heap before
{Heap before GC invocations=1022 (full 109):
 def new generation   total 150464K, used 150464K [0x00000000c0000000, 0x00000000ca340000, 0x00000000d5550000)
  eden space 133760K, 100% used [0x00000000c0000000, 0x00000000c82a0000, 0x00000000c82a0000)
  from space 16704K, 100% used [0x00000000c92f0000, 0x00000000ca340000, 0x00000000ca340000)
  to   space 16704K,   0% used [0x00000000c82a0000, 0x00000000c82a0000, 0x00000000c92f0000)
 tenured generation   total 334176K, used 218893K [0x00000000d5550000, 0x00000000e9ba8000, 0x0000000100000000)
   the space 334176K,  65% used [0x00000000d5550000, 0x00000000e2b13480, 0x00000000e2b13600, 0x00000000e9ba8000)
 Metaspace       used 84774K, capacity 88311K, committed 88664K, reserved 1126400K
  class space    used 11566K, capacity 11974K, committed 12120K, reserved 1048576K
Event: 524.491 GC heap after
Heap after GC invocations=1023 (full 109):
 def new generation   total 150464K, used 674K [0x00000000c0000000, 0x00000000ca340000, 0x00000000d5550000)
  eden space 133760K,   0% used [0x00000000c0000000, 0x00000000c0000000, 0x00000000c82a0000)
  from space 16704K,   4% used [0x00000000c82a0000, 0x00000000c8348b30, 0x00000000c92f0000)
  to   space 16704K,   0% used [0x00000000c92f0000, 0x00000000c92f0000, 0x00000000ca340000)
 tenured generation   total 334176K, used 252110K [0x00000000d5550000, 0x00000000e9ba8000, 0x0000000100000000)
   the space 334176K,  75% used [0x00000000d5550000, 0x00000000e4b83a88, 0x00000000e4b83c00, 0x00000000e9ba8000)
 Metaspace       used 84774K, capacity 88311K, committed 88664K, reserved 1126400K
  class space    used 11566K, capacity 11974K, committed 12120K, reserved 1048576K
}
Event: 524.690 GC heap before
{Heap before GC invocations=1023 (full 109):
 def new generation   total 150464K, used 134434K [0x00000000c0000000, 0x00000000ca340000, 0x00000000d5550000)
  eden space 133760K, 100% used [0x00000000c0000000, 0x00000000c82a0000, 0x00000000c82a0000)
  from space 16704K,   4% used [0x00000000c82a0000, 0x00000000c8348b30, 0x00000000c92f0000)
  to   space 16704K,   0% used [0x00000000c92f0000, 0x00000000c92f0000, 0x00000000ca340000)
 tenured generation   total 334176K, used 252110K [0x00000000d5550000, 0x00000000e9ba8000, 0x0000000100000000)
   the space 334176K,  75% used [0x00000000d5550000, 0x00000000e4b83a88, 0x00000000e4b83c00, 0x00000000e9ba8000)
 Metaspace       used 84783K, capacity 88311K, committed 88664K, reserved 1126400K
  class space    used 11566K, capacity 11974K, committed 12120K, reserved 1048576K
Event: 524.701 GC heap after
Heap after GC invocations=1024 (full 109):
 def new generation   total 150464K, used 561K [0x00000000c0000000, 0x00000000ca340000, 0x00000000d5550000)
  eden space 133760K,   0% used [0x00000000c0000000, 0x00000000c0000000, 0x00000000c82a0000)
  from space 16704K,   3% used [0x00000000c92f0000, 0x00000000c937c640, 0x00000000ca340000)
  to   space 16704K,   0% used [0x00000000c82a0000, 0x00000000c82a0000, 0x00000000c92f0000)
 tenured generation   total 334176K, used 284878K [0x00000000d5550000, 0x00000000e9ba8000, 0x0000000100000000)
   the space 334176K,  85% used [0x00000000d5550000, 0x00000000e6b83aa8, 0x00000000e6b83c00, 0x00000000e9ba8000)
 Metaspace       used 84783K, capacity 88311K, committed 88664K, reserved 1126400K
  class space    used 11566K, capacity 11974K, committed 12120K, reserved 1048576K
}
Event: 524.862 GC heap before
{Heap before GC invocations=1024 (full 109):
 def new generation   total 150464K, used 134321K [0x00000000c0000000, 0x00000000ca340000, 0x00000000d5550000)
  eden space 133760K, 100% used [0x00000000c0000000, 0x00000000c82a0000, 0x00000000c82a0000)
  from space 16704K,   3% used [0x00000000c92f0000, 0x00000000c937c640, 0x00000000ca340000)
  to   space 16704K,   0% used [0x00000000c82a0000, 0x00000000c82a0000, 0x00000000c92f0000)
 tenured generation   total 334176K, used 284878K [0x00000000d5550000, 0x00000000e9ba8000, 0x0000000100000000)
   the space 334176K,  85% used [0x00000000d5550000, 0x00000000e6b83aa8, 0x00000000e6b83c00, 0x00000000e9ba8000)
 Metaspace       used 84783K, capacity 88311K, committed 88664K, reserved 1126400K
  class space    used 11566K, capacity 11974K, committed 12120K, reserved 1048576K
Event: 524.873 GC heap after
Heap after GC invocations=1025 (full 109):
 def new generation   total 150464K, used 918K [0x00000000c0000000, 0x00000000ca340000, 0x00000000d5550000)
  eden space 133760K,   0% used [0x00000000c0000000, 0x00000000c0000000, 0x00000000c82a0000)
  from space 16704K,   5% used [0x00000000c82a0000, 0x00000000c8385ab0, 0x00000000c92f0000)
  to   space 16704K,   0% used [0x00000000c92f0000, 0x00000000c92f0000, 0x00000000ca340000)
 tenured generation   total 334176K, used 317646K [0x00000000d5550000, 0x00000000e9ba8000, 0x0000000100000000)
   the space 334176K,  95% used [0x00000000d5550000, 0x00000000e8b83ac8, 0x00000000e8b83c00, 0x00000000e9ba8000)
 Metaspace       used 84783K, capacity 88311K, committed 88664K, reserved 1126400K
  class space    used 11566K, capacity 11974K, committed 12120K, reserved 1048576K
}
Event: 525.046 GC heap before
{Heap before GC invocations=1025 (full 109):
 def new generation   total 150464K, used 134678K [0x00000000c0000000, 0x00000000ca340000, 0x00000000d5550000)
  eden space 133760K, 100% used [0x00000000c0000000, 0x00000000c82a0000, 0x00000000c82a0000)
  from space 16704K,   5% used [0x00000000c82a0000, 0x00000000c8385ab0, 0x00000000c92f0000)
  to   space 16704K,   0% used [0x00000000c92f0000, 0x00000000c92f0000, 0x00000000ca340000)
 tenured generation   total 334176K, used 317646K [0x00000000d5550000, 0x00000000e9ba8000, 0x0000000100000000)
   the space 334176K,  95% used [0x00000000d5550000, 0x00000000e8b83ac8, 0x00000000e8b83c00, 0x00000000e9ba8000)
 Metaspace       used 84783K, capacity 88311K, committed 88664K, reserved 1126400K
  class space    used 11566K, capacity 11974K, committed 12120K, reserved 1048576K
Event: 525.050 GC heap after
Heap after GC invocations=1026 (full 109):
 def new generation   total 150464K, used 1000K [0x00000000c0000000, 0x00000000ca340000, 0x00000000d5550000)
  eden space 133760K,   0% used [0x00000000c0000000, 0x00000000c0000000, 0x00000000c82a0000)
  from space 16704K,   5% used [0x00000000c92f0000, 0x00000000c93ea0d8, 0x00000000ca340000)
  to   space 16704K,   0% used [0x00000000c82a0000, 0x00000000c82a0000, 0x00000000c92f0000)
 tenured generation   total 334176K, used 317646K [0x00000000d5550000, 0x00000000e9ba8000, 0x0000000100000000)
   the space 334176K,  95% used [0x00000000d5550000, 0x00000000e8b83ac8, 0x00000000e8b83c00, 0x00000000e9ba8000)
 Metaspace       used 84783K, capacity 88311K, committed 88664K, reserved 1126400K
  class space    used 11566K, capacity 11974K, committed 12120K, reserved 1048576K
}
Event: 525.262 GC heap before
{Heap before GC invocations=1026 (full 109):
 def new generation   total 150464K, used 134760K [0x00000000c0000000, 0x00000000ca340000, 0x00000000d5550000)
  eden space 133760K, 100% used [0x00000000c0000000, 0x00000000c82a0000, 0x00000000c82a0000)
  from space 16704K,   5% used [0x00000000c92f0000, 0x00000000c93ea0d8, 0x00000000ca340000)
  to   space 16704K,   0% used [0x00000000c82a0000, 0x00000000c82a0000, 0x00000000c92f0000)
 tenured generation   total 334176K, used 317646K [0x00000000d5550000, 0x00000000e9ba8000, 0x0000000100000000)
   the space 334176K,  95% used [0x00000000d5550000, 0x00000000e8b83ac8, 0x00000000e8b83c00, 0x00000000e9ba8000)
 Metaspace       used 84785K, capacity 88311K, committed 88664K, reserved 1126400K
  class space    used 11566K, capacity 11974K, committed 12120K, reserved 1048576K

